  arith_codec.cpp
  band_codec.cpp
d:\projects\01_ref\23_dirac\dirac102\dirac102_20210326\libdirac_common\band_codec_template.h(341): warning C4805: '|=': 연산에 'dirac::CoeffType' 형식과 'bool' 형식을 함께 사용하는 것은 안전하지 않습니다.
  d:\projects\01_ref\23_dirac\dirac102\dirac102_20210326\libdirac_common\band_codec_template.h(331): note: 클래스 템플릿 멤버 함수 'void dirac::GenericBandCodec<dirac::ArithCodec<dirac::CoeffArray>>::DecodeVal(dirac::CoeffArray &,const int,const int)'을(를) 컴파일하고 있습니다.
  d:\projects\01_ref\23_dirac\dirac102\dirac102_20210326\libdirac_common\band_codec.cpp(117): note: 컴파일 중인 함수 템플릿 인스턴스화 'void dirac::GenericBandCodec<dirac::ArithCodec<dirac::CoeffArray>>::DecodeVal(dirac::CoeffArray &,const int,const int)'에 대한 참조를 확인하십시오.
  d:\projects\01_ref\23_dirac\dirac102\dirac102_20210326\libdirac_common\band_codec.h(172): note: 컴파일 중인 클래스 템플릿 인스턴스화 'dirac::GenericBandCodec<dirac::ArithCodec<dirac::CoeffArray>>'에 대한 참조를 확인하세요.
  d:\projects\01_ref\23_dirac\dirac102\dirac102_20210326\libdirac_common\band_codec.h(207): note: 컴파일 중인 클래스 템플릿 인스턴스화 'dirac::GenericIntraDCBandCodec<dirac::ArithCodec<dirac::CoeffArray>>'에 대한 참조를 확인하세요.
d:\projects\01_ref\23_dirac\dirac102\dirac102_20210326\libdirac_common\band_codec_template.h(463): warning C4805: '|=': 연산에 'int' 형식과 'bool' 형식을 함께 사용하는 것은 안전하지 않습니다.
  d:\projects\01_ref\23_dirac\dirac102\dirac102_20210326\libdirac_common\band_codec_template.h(457): note: 클래스 템플릿 멤버 함수 'int dirac::GenericBandCodec<dirac::ArithCodec<dirac::CoeffArray>>::DecodeQuantIndexOffset(void)'을(를) 컴파일하고 있습니다.
  d:\projects\01_ref\23_dirac\dirac102\dirac102_20210326\libdirac_common\band_codec_template.h(246): note: 컴파일 중인 함수 템플릿 인스턴스화 'int dirac::GenericBandCodec<dirac::ArithCodec<dirac::CoeffArray>>::DecodeQuantIndexOffset(void)'에 대한 참조를 확인하십시오.
  d:\projects\01_ref\23_dirac\dirac102\dirac102_20210326\libdirac_common\band_codec_template.h(13): note: 클래스 템플릿 멤버 함수 'dirac::GenericBandCodec<dirac::ArithCodec<dirac::CoeffArray>>::GenericBandCodec(dirac::SubbandByteIO *,size_t,const dirac::SubbandList &,int,const bool)'을(를) 컴파일하고 있습니다.
  d:\projects\01_ref\23_dirac\dirac102\dirac102_20210326\libdirac_common\band_codec.h(184): note: 컴파일 중인 함수 템플릿 인스턴스화 'dirac::GenericBandCodec<dirac::ArithCodec<dirac::CoeffArray>>::GenericBandCodec(dirac::SubbandByteIO *,size_t,const dirac::SubbandList &,int,const bool)'에 대한 참조를 확인하십시오.
  band_vlc.cpp
d:\projects\01_ref\23_dirac\dirac102\dirac102_20210326\libdirac_common\band_codec_template.h(341): warning C4805: '|=': 연산에 'dirac::CoeffType' 형식과 'bool' 형식을 함께 사용하는 것은 안전하지 않습니다.
  d:\projects\01_ref\23_dirac\dirac102\dirac102_20210326\libdirac_common\band_codec_template.h(331): note: 클래스 템플릿 멤버 함수 'void dirac::GenericBandCodec<dirac::ArithCodec<dirac::CoeffArray>>::DecodeVal(dirac::CoeffArray &,const int,const int)'을(를) 컴파일하고 있습니다.
  d:\projects\01_ref\23_dirac\dirac102\dirac102_20210326\libdirac_common\band_codec_template.h(308): note: 컴파일 중인 함수 템플릿 인스턴스화 'void dirac::GenericBandCodec<dirac::ArithCodec<dirac::CoeffArray>>::DecodeVal(dirac::CoeffArray &,const int,const int)'에 대한 참조를 확인하십시오.
  d:\projects\01_ref\23_dirac\dirac102\dirac102_20210326\libdirac_common\band_codec_template.h(13): note: 클래스 템플릿 멤버 함수 'dirac::GenericBandCodec<dirac::ArithCodec<dirac::CoeffArray>>::GenericBandCodec(dirac::SubbandByteIO *,size_t,const dirac::SubbandList &,int,const bool)'을(를) 컴파일하고 있습니다.
  d:\projects\01_ref\23_dirac\dirac102\dirac102_20210326\libdirac_common\band_codec.h(184): note: 컴파일 중인 함수 템플릿 인스턴스화 'dirac::GenericBandCodec<dirac::ArithCodec<dirac::CoeffArray>>::GenericBandCodec(dirac::SubbandByteIO *,size_t,const dirac::SubbandList &,int,const bool)'에 대한 참조를 확인하십시오.
  d:\projects\01_ref\23_dirac\dirac102\dirac102_20210326\libdirac_common\band_codec.h(172): note: 컴파일 중인 클래스 템플릿 인스턴스화 'dirac::GenericBandCodec<dirac::ArithCodec<dirac::CoeffArray>>'에 대한 참조를 확인하세요.
  d:\projects\01_ref\23_dirac\dirac102\dirac102_20210326\libdirac_common\band_codec.h(207): note: 컴파일 중인 클래스 템플릿 인스턴스화 'dirac::GenericIntraDCBandCodec<dirac::ArithCodec<dirac::CoeffArray>>'에 대한 참조를 확인하세요.
d:\projects\01_ref\23_dirac\dirac102\dirac102_20210326\libdirac_common\band_codec_template.h(463): warning C4805: '|=': 연산에 'int' 형식과 'bool' 형식을 함께 사용하는 것은 안전하지 않습니다.
  d:\projects\01_ref\23_dirac\dirac102\dirac102_20210326\libdirac_common\band_codec_template.h(457): note: 클래스 템플릿 멤버 함수 'int dirac::GenericBandCodec<dirac::ArithCodec<dirac::CoeffArray>>::DecodeQuantIndexOffset(void)'을(를) 컴파일하고 있습니다.
  d:\projects\01_ref\23_dirac\dirac102\dirac102_20210326\libdirac_common\band_codec_template.h(246): note: 컴파일 중인 함수 템플릿 인스턴스화 'int dirac::GenericBandCodec<dirac::ArithCodec<dirac::CoeffArray>>::DecodeQuantIndexOffset(void)'에 대한 참조를 확인하십시오.
  cmd_line.cpp
  common.cpp
  dirac_assertions.cpp
  dirac_exception.cpp
  motion.cpp
  mot_comp.cpp
d:\projects\01_ref\23_dirac\dirac102\dirac102_20210326\libdirac_common\mot_comp.cpp(1070): warning C4838: 'T'에서 'const dirac::ValueType'(으)로의 변환에는 축소 변환이 필요합니다.
          with
          [
              T=int
          ]
d:\projects\01_ref\23_dirac\dirac102\dirac102_20210326\libdirac_common\mot_comp.cpp(1122): warning C4838: 'T'에서 'const dirac::ValueType'(으)로의 변환에는 축소 변환이 필요합니다.
          with
          [
              T=int
          ]
  mot_comp_mmx.cpp
  mv_codec.cpp
  picture.cpp
  picture_buffer.cpp
c:\program files (x86)\microsoft visual studio\2017\community\vc\tools\msvc\14.16.27023\include\utility(174): warning C4267: '초기화 중': 'size_t'에서 '_Ty2'(으)로 변환하면서 데이터가 손실될 수 있습니다.
          with
          [
              _Ty2=unsigned int
          ]
  d:\projects\01_ref\23_dirac\dirac102\dirac102_20210326\libdirac_common\picture_buffer.cpp(202): note: 컴파일 중인 함수 템플릿 인스턴스화 'std::pair<unsigned int,unsigned int>::pair<int,unsigned __int64,0>(_Other1 &&,_Other2 &&) noexcept'에 대한 참조를 확인하십시오.
          with
          [
              _Other1=int,
              _Other2=unsigned __int64
          ]
  d:\projects\01_ref\23_dirac\dirac102\dirac102_20210326\libdirac_common\picture_buffer.cpp(202): note: 컴파일 중인 함수 템플릿 인스턴스화 'std::pair<unsigned int,unsigned int>::pair<int,unsigned __int64,0>(_Other1 &&,_Other2 &&) noexcept'에 대한 참조를 확인하십시오.
          with
          [
              _Other1=int,
              _Other2=unsigned __int64
          ]
  pic_io.cpp
  upconvert.cpp
  upconvert_mmx.cpp
  video_format_defaults.cpp
  wavelet_utils.cpp
  wavelet_utils_mmx.cpp
  libdirac_common.vcxproj -> D:\projects\01_Ref\23_DIRAC\dirac102\dirac102_20210326\win32\VisualStudio\x64\Release\libdirac_common.lib
