d:\projects\01_ref\23_dirac\dirac102\dirac102_20210326\win32\visualstudio\libdirac_common\x64\release\libdirac_common.pdb
d:\projects\01_ref\23_dirac\dirac102\dirac102_20210326\win32\visualstudio\libdirac_common\x64\release\wavelet_utils.obj
d:\projects\01_ref\23_dirac\dirac102\dirac102_20210326\win32\visualstudio\libdirac_common\x64\release\video_format_defaults.obj
d:\projects\01_ref\23_dirac\dirac102\dirac102_20210326\win32\visualstudio\libdirac_common\x64\release\upconvert_mmx.obj
d:\projects\01_ref\23_dirac\dirac102\dirac102_20210326\win32\visualstudio\libdirac_common\x64\release\upconvert.obj
d:\projects\01_ref\23_dirac\dirac102\dirac102_20210326\win32\visualstudio\libdirac_common\x64\release\pic_io.obj
d:\projects\01_ref\23_dirac\dirac102\dirac102_20210326\win32\visualstudio\libdirac_common\x64\release\picture_buffer.obj
d:\projects\01_ref\23_dirac\dirac102\dirac102_20210326\win32\visualstudio\libdirac_common\x64\release\picture.obj
d:\projects\01_ref\23_dirac\dirac102\dirac102_20210326\win32\visualstudio\libdirac_common\x64\release\mv_codec.obj
d:\projects\01_ref\23_dirac\dirac102\dirac102_20210326\win32\visualstudio\libdirac_common\x64\release\mot_comp_mmx.obj
d:\projects\01_ref\23_dirac\dirac102\dirac102_20210326\win32\visualstudio\libdirac_common\x64\release\mot_comp.obj
d:\projects\01_ref\23_dirac\dirac102\dirac102_20210326\win32\visualstudio\libdirac_common\x64\release\motion.obj
d:\projects\01_ref\23_dirac\dirac102\dirac102_20210326\win32\visualstudio\libdirac_common\x64\release\dirac_exception.obj
d:\projects\01_ref\23_dirac\dirac102\dirac102_20210326\win32\visualstudio\libdirac_common\x64\release\dirac_assertions.obj
d:\projects\01_ref\23_dirac\dirac102\dirac102_20210326\win32\visualstudio\libdirac_common\x64\release\common.obj
d:\projects\01_ref\23_dirac\dirac102\dirac102_20210326\win32\visualstudio\libdirac_common\x64\release\cmd_line.obj
d:\projects\01_ref\23_dirac\dirac102\dirac102_20210326\win32\visualstudio\libdirac_common\x64\release\band_vlc.obj
d:\projects\01_ref\23_dirac\dirac102\dirac102_20210326\win32\visualstudio\libdirac_common\x64\release\band_codec.obj
d:\projects\01_ref\23_dirac\dirac102\dirac102_20210326\win32\visualstudio\libdirac_common\x64\release\arith_codec.obj
d:\projects\01_ref\23_dirac\dirac102\dirac102_20210326\win32\visualstudio\libdirac_common\x64\release\wavelet_utils_mmx.obj
d:\projects\01_ref\23_dirac\dirac102\dirac102_20210326\win32\visualstudio\x64\release\libdirac_common.lib
d:\projects\01_ref\23_dirac\dirac102\dirac102_20210326\win32\visualstudio\libdirac_common\x64\release\libdirac_common.tlog\cl.command.1.tlog
d:\projects\01_ref\23_dirac\dirac102\dirac102_20210326\win32\visualstudio\libdirac_common\x64\release\libdirac_common.tlog\cl.read.1.tlog
d:\projects\01_ref\23_dirac\dirac102\dirac102_20210326\win32\visualstudio\libdirac_common\x64\release\libdirac_common.tlog\cl.write.1.tlog
d:\projects\01_ref\23_dirac\dirac102\dirac102_20210326\win32\visualstudio\libdirac_common\x64\release\libdirac_common.tlog\lib-link.read.1.tlog
d:\projects\01_ref\23_dirac\dirac102\dirac102_20210326\win32\visualstudio\libdirac_common\x64\release\libdirac_common.tlog\lib-link.write.1.tlog
d:\projects\01_ref\23_dirac\dirac102\dirac102_20210326\win32\visualstudio\libdirac_common\x64\release\libdirac_common.tlog\lib.command.1.tlog
