  block_match.cpp
  downconvert.cpp
  downconvert_mmx.cpp
  me_mode_decn.cpp
  me_subpel.cpp
  me_utils.cpp
d:\projects\01_ref\23_dirac\dirac102\dirac102_20210326\libdirac_motionest\me_utils.cpp(279): warning C4244: '=': 'dirac::CalcValueType'에서 'float'(으)로 변환하면서 데이터가 손실될 수 있습니다.
d:\projects\01_ref\23_dirac\dirac102\dirac102_20210326\libdirac_motionest\me_utils.cpp(690): warning C4838: 'T'에서 'const dirac::ValueType'(으)로의 변환에는 축소 변환이 필요합니다.
          with
          [
              T=int
          ]
d:\projects\01_ref\23_dirac\dirac102\dirac102_20210326\libdirac_motionest\me_utils.cpp(854): warning C4838: 'T'에서 'const dirac::ValueType'(으)로의 변환에는 축소 변환이 필요합니다.
          with
          [
              T=int
          ]
d:\projects\01_ref\23_dirac\dirac102\dirac102_20210326\libdirac_motionest\me_utils.cpp(914): warning C4838: 'T'에서 'const dirac::ValueType'(으)로의 변환에는 축소 변환이 필요합니다.
          with
          [
              T=int
          ]
d:\projects\01_ref\23_dirac\dirac102\dirac102_20210326\libdirac_motionest\me_utils.cpp(1045): warning C4838: 'T'에서 'const dirac::ValueType'(으)로의 변환에는 축소 변환이 필요합니다.
          with
          [
              T=int
          ]
d:\projects\01_ref\23_dirac\dirac102\dirac102_20210326\libdirac_motionest\me_utils.cpp(1409): warning C4838: 'T'에서 'const dirac::ValueType'(으)로의 변환에는 축소 변환이 필요합니다.
          with
          [
              T=int
          ]
d:\projects\01_ref\23_dirac\dirac102\dirac102_20210326\libdirac_motionest\me_utils.cpp(1519): warning C4838: 'T'에서 'const dirac::ValueType'(으)로의 변환에는 축소 변환이 필요합니다.
          with
          [
              T=int
          ]
d:\projects\01_ref\23_dirac\dirac102\dirac102_20210326\libdirac_motionest\me_utils.cpp(1570): warning C4838: 'T'에서 'const dirac::ValueType'(으)로의 변환에는 축소 변환이 필요합니다.
          with
          [
              T=int
          ]
d:\projects\01_ref\23_dirac\dirac102\dirac102_20210326\libdirac_motionest\me_utils.cpp(1574): warning C4838: 'T'에서 'const dirac::ValueType'(으)로의 변환에는 축소 변환이 필요합니다.
          with
          [
              T=int
          ]
  me_utils_mmx.cpp
  pixel_match.cpp
  libdirac_motionest.vcxproj -> D:\projects\01_Ref\23_DIRAC\dirac102\dirac102_20210326\win32\VisualStudio\x64\Release\libdirac_motionest.lib
