d:\projects\01_ref\23_dirac\dirac102\dirac102_20210326\win32\visualstudio\libdirac_byteio\x64\release\libdirac_byteio.pdb
d:\projects\01_ref\23_dirac\dirac102\dirac102_20210326\win32\visualstudio\libdirac_byteio\x64\release\picture_byteio.obj
d:\projects\01_ref\23_dirac\dirac102\dirac102_20210326\win32\visualstudio\libdirac_byteio\x64\release\parseunit_byteio.obj
d:\projects\01_ref\23_dirac\dirac102\dirac102_20210326\win32\visualstudio\libdirac_byteio\x64\release\parseparams_byteio.obj
d:\projects\01_ref\23_dirac\dirac102\dirac102_20210326\win32\visualstudio\libdirac_byteio\x64\release\endofsequence_byteio.obj
d:\projects\01_ref\23_dirac\dirac102\dirac102_20210326\win32\visualstudio\libdirac_byteio\x64\release\displayparams_byteio.obj
d:\projects\01_ref\23_dirac\dirac102\dirac102_20210326\win32\visualstudio\libdirac_byteio\x64\release\dirac_byte_stream.obj
d:\projects\01_ref\23_dirac\dirac102\dirac102_20210326\win32\visualstudio\libdirac_byteio\x64\release\codingparams_byteio.obj
d:\projects\01_ref\23_dirac\dirac102\dirac102_20210326\win32\visualstudio\libdirac_byteio\x64\release\byteio.obj
d:\projects\01_ref\23_dirac\dirac102\dirac102_20210326\win32\visualstudio\libdirac_byteio\x64\release\accessunit_byteio.obj
d:\projects\01_ref\23_dirac\dirac102\dirac102_20210326\win32\visualstudio\libdirac_byteio\x64\release\transform_byteio.obj
d:\projects\01_ref\23_dirac\dirac102\dirac102_20210326\win32\visualstudio\libdirac_byteio\x64\release\subband_byteio.obj
d:\projects\01_ref\23_dirac\dirac102\dirac102_20210326\win32\visualstudio\libdirac_byteio\x64\release\mvdata_byteio.obj
d:\projects\01_ref\23_dirac\dirac102\dirac102_20210326\win32\visualstudio\libdirac_byteio\x64\release\mvdataelement_byteio.obj
d:\projects\01_ref\23_dirac\dirac102\dirac102_20210326\win32\visualstudio\libdirac_byteio\x64\release\dirac_byte_stats.obj
d:\projects\01_ref\23_dirac\dirac102\dirac102_20210326\win32\visualstudio\libdirac_byteio\x64\release\component_byteio.obj
d:\projects\01_ref\23_dirac\dirac102\dirac102_20210326\win32\visualstudio\x64\release\libdirac_byteio.lib
d:\projects\01_ref\23_dirac\dirac102\dirac102_20210326\win32\visualstudio\libdirac_byteio\x64\release\libdirac_byteio.vcxprojassemblyreference.cache
d:\projects\01_ref\23_dirac\dirac102\dirac102_20210326\win32\visualstudio\libdirac_byteio\x64\release\libdirac_byteio.tlog\cl.command.1.tlog
d:\projects\01_ref\23_dirac\dirac102\dirac102_20210326\win32\visualstudio\libdirac_byteio\x64\release\libdirac_byteio.tlog\cl.read.1.tlog
d:\projects\01_ref\23_dirac\dirac102\dirac102_20210326\win32\visualstudio\libdirac_byteio\x64\release\libdirac_byteio.tlog\cl.write.1.tlog
d:\projects\01_ref\23_dirac\dirac102\dirac102_20210326\win32\visualstudio\libdirac_byteio\x64\release\libdirac_byteio.tlog\lib-link.read.1.tlog
d:\projects\01_ref\23_dirac\dirac102\dirac102_20210326\win32\visualstudio\libdirac_byteio\x64\release\libdirac_byteio.tlog\lib-link.write.1.tlog
d:\projects\01_ref\23_dirac\dirac102\dirac102_20210326\win32\visualstudio\libdirac_byteio\x64\release\libdirac_byteio.tlog\lib.command.1.tlog
